2024-11-21 04:14:00 - Failed login attempt for User 100900001.
2024-11-21 04:14:32 - Failed login attempt for User 100900001.
2024-11-21 04:33:21 - User 100900064 registered.
2024-11-21 05:10:50 - User 10090058 registered.
2024-11-26 03:14:26 - User 100900000 successfully logged in.
2024-11-26 03:14:45 - User logged out.
2024-11-26 03:14:52 - User 100900000 successfully logged in.
2024-11-26 03:14:54 - User logged out.
2024-11-26 03:15:06 - User 5 successfully logged in.
2024-11-26 03:15:25 - User logged out.
2024-11-26 03:15:34 - User 100900001 successfully logged in.
2024-11-26 03:15:38 - User logged out.
2024-11-26 03:15:48 - Failed login attempt for user ID 100900002.
2024-11-26 03:15:57 - Failed login attempt for user ID 100900002.
2024-11-26 03:16:32 - User 100900002 successfully logged in.
2024-11-26 03:17:36 - User logged out.
2024-11-26 03:18:56 - User 100900002 successfully logged in.
2024-11-26 03:19:34 - User logged out.
2024-11-26 03:19:58 - User 100900002 successfully logged in.
2024-11-26 03:21:18 - User logged out.
2024-11-26 03:21:27 - User 100900002 successfully logged in.
2024-11-26 03:21:50 - User 100900001 successfully logged in.
2024-11-26 03:21:58 - User 5 successfully logged in.
2024-11-26 03:23:46 - User logged out.
2024-11-26 03:23:57 - User 100900006 successfully logged in.
2024-11-26 03:25:03 - User logged out.
2024-11-26 03:25:09 - User 100900006 successfully logged in.
2024-11-26 03:27:36 - User logged out.
2024-11-26 03:27:50 - User 100900006 successfully logged in.
2024-11-26 03:33:45 - User logged out.
2024-11-26 03:33:51 - Failed login attempt for user ID 100900005.
2024-11-26 03:34:25 - User 100900027 successfully logged in.
2024-11-26 03:34:56 - User logged out.
2024-11-26 03:46:21 - User 11 registered.
2024-11-26 03:46:44 - User 100900027 successfully logged in.
2024-11-26 03:47:45 - User logged out.
2024-11-26 03:47:52 - User 11 successfully logged in.
2024-11-26 03:49:47 - User logged out.
2024-11-26 03:53:25 - User 100900052 registered.
2024-11-26 03:53:38 - User 100900052 successfully logged in.
2024-11-26 03:59:25 - User logged out.
2024-11-26 03:59:48 - User 100900052 successfully logged in.
2024-11-26 03:59:55 - User logged out.
2024-11-26 04:00:20 - User 100900052 successfully logged in.
2024-11-26 04:00:25 - User logged out.
2024-11-26 04:06:12 - User 100900052 successfully logged in.
2024-11-26 04:18:55 - User logged out.
2024-11-26 04:19:02 - User 100900006 successfully logged in.
2024-11-26 04:59:41 - User logged out.
2024-12-05 01:34:47 - Failed login attempt for user ID 100900006.
2024-12-05 01:35:01 - Failed login attempt for user ID 100900006.
2024-12-05 01:35:09 - User 100900006 successfully logged in.
2024-12-05 01:35:50 - User logged out.
2024-12-05 02:07:33 - User 100900006 successfully logged in.
2024-12-05 02:07:45 - User 100900006 successfully logged in.
2024-12-05 02:10:02 - User logged out.
2024-12-05 02:12:10 - User 100900006 successfully logged in.
2024-12-05 02:19:17 - Failed login attempt for user ID 100900010.
2024-12-05 02:19:51 - Failed login attempt for user ID 100900010.
2024-12-05 02:20:19 - User 100900006 successfully logged in.
2024-12-05 02:20:35 - Failed login attempt for user ID 100900010.
2024-12-05 02:20:48 - Failed login attempt for user ID 100900010.
2024-12-05 02:21:00 - User 100900004 successfully logged in.
2024-12-05 02:21:18 - User 100900050 successfully logged in.
2024-12-05 02:21:33 - User 100900011 successfully logged in.
2024-12-05 02:21:45 - User 100900009 successfully logged in.
2024-12-05 02:21:58 - Failed login attempt for user ID 100900010.
2024-12-05 02:22:38 - Failed login attempt for user ID 100900010.
2024-12-05 02:23:51 - User 100900025 successfully logged in.
2024-12-05 02:24:11 - Failed login attempt for user ID 100900010.
2024-12-05 02:24:52 - User 100900007 successfully logged in.
2024-12-05 02:25:34 - User logged out.
2024-12-05 02:25:43 - User 100900010 successfully logged in.
2024-12-05 02:26:02 - User logged out.
2024-12-05 02:50:13 - User 100900010 successfully logged in.
2024-12-05 02:57:28 - User logged out.
2024-12-05 02:57:33 - User 100900010 successfully logged in.
2024-12-05 02:58:09 - User logged out.
